1606332535881	mozrunner::runner	INFO	Running command: "/Applications/Firefox.app/Contents/MacOS/firefox-bin" "-marionette" "-foreground" "-no-remote" "-profile" "/var/folders/gp/fdwrkxjd7r38wyhyp43wd0nc0000gp/T/rust_mozprofile.Nzm4ePotnkQS"
[GFX1-]: [OPENGL] Failed to init compositor with reason: FEATURE_FAILURE_OPENGL_CREATE_CONTEXT
console.error: SearchCache: "_readCacheFile: Error reading cache file:" (new Error("", "(unknown module)"))
1606332539673	Marionette	INFO	Listening on port 52264
1606332539685	Marionette	WARN	TLS certificate errors will be ignored for this session
JavaScript warning: https://js.arcgis.com/4.11/, line 342: Failed to create WebGL context: WebGL creation failed: 
* tryNativeGL
* Exhausted GL driver options.
JavaScript warning: https://js.arcgis.com/4.11/, line 342: Failed to create WebGL context: WebGL creation failed: 
* tryNativeGL
* Exhausted GL driver options.
JavaScript warning: https://js.arcgis.com/4.11/, line 342: Failed to create WebGL context: WebGL creation failed: 
* tryNativeGL
* Exhausted GL driver options.
JavaScript warning: https://js.arcgis.com/4.11/, line 342: Failed to create WebGL context: WebGL creation failed: 
* tryNativeGL
* Exhausted GL driver options.
JavaScript warning: https://js.arcgis.com/4.11/, line 342: Failed to create WebGL context: WebGL creation failed: 
* tryNativeGL
* Exhausted GL driver options.
SourceActor threw an exception: [Exception... "Component returned failure code: 0x80470002 (NS_BASE_STREAM_CLOSED) [nsIInputStream.available]"  nsresult: "0x80470002 (NS_BASE_STREAM_CLOSED)"  location: "JS frame :: resource://devtools/shared/DevToolsUtils.js :: onResponse :: line 560"  data: no]
Stack: onResponse@resource://devtools/shared/DevToolsUtils.js:560:34
onStopRequest@resource://gre/modules/NetUtil.jsm:128:18
Line: 560, column: 0
console.error: ({})
JavaScript error: resource://devtools/shared/DevToolsUtils.js, line 560: NS_BASE_STREAM_CLOSED: Component returned failure code: 0x80470002 (NS_BASE_STREAM_CLOSED) [nsIInputStream.available]
1606332607526	Marionette	INFO	Stopped listening on port 52264
1606332616794	mozrunner::runner	INFO	Running command: "/Applications/Firefox.app/Contents/MacOS/firefox-bin" "-marionette" "-foreground" "-no-remote" "-profile" "/var/folders/gp/fdwrkxjd7r38wyhyp43wd0nc0000gp/T/rust_mozprofile.4T7VW5s6uQ2l"
[GFX1-]: [OPENGL] Failed to init compositor with reason: FEATURE_FAILURE_OPENGL_CREATE_CONTEXT
console.error: SearchCache: "_readCacheFile: Error reading cache file:" (new Error("", "(unknown module)"))
1606332619859	Marionette	INFO	Listening on port 52706
1606332619884	Marionette	WARN	TLS certificate errors will be ignored for this session
JavaScript warning: https://js.arcgis.com/4.11/, line 342: Failed to create WebGL context: WebGL creation failed: 
* tryNativeGL
* Exhausted GL driver options.
JavaScript warning: https://js.arcgis.com/4.11/, line 342: Failed to create WebGL context: WebGL creation failed: 
* tryNativeGL
* Exhausted GL driver options.
JavaScript warning: https://js.arcgis.com/4.11/, line 342: Failed to create WebGL context: WebGL creation failed: 
* tryNativeGL
* Exhausted GL driver options.
JavaScript warning: https://js.arcgis.com/4.11/, line 342: Failed to create WebGL context: WebGL creation failed: 
* tryNativeGL
* Exhausted GL driver options.
JavaScript warning: https://js.arcgis.com/4.11/, line 342: Failed to create WebGL context: WebGL creation failed: 
* tryNativeGL
* Exhausted GL driver options.
1606332809607	Marionette	INFO	Stopped listening on port 52706
1606332864802	mozrunner::runner	INFO	Running command: "/Applications/Firefox.app/Contents/MacOS/firefox-bin" "-marionette" "-foreground" "-no-remote" "-profile" "/var/folders/gp/fdwrkxjd7r38wyhyp43wd0nc0000gp/T/rust_mozprofile.HUbDh2fkuWtg"
[GFX1-]: [OPENGL] Failed to init compositor with reason: FEATURE_FAILURE_OPENGL_CREATE_CONTEXT
console.error: SearchCache: "_readCacheFile: Error reading cache file:" (new Error("", "(unknown module)"))
1606332868049	Marionette	INFO	Listening on port 53826
1606332868078	Marionette	WARN	TLS certificate errors will be ignored for this session
JavaScript warning: https://js.arcgis.com/4.11/, line 342: Failed to create WebGL context: WebGL creation failed: 
* tryNativeGL
* Exhausted GL driver options.
JavaScript warning: https://js.arcgis.com/4.11/, line 342: Failed to create WebGL context: WebGL creation failed: 
* tryNativeGL
* Exhausted GL driver options.
JavaScript warning: https://js.arcgis.com/4.11/, line 342: Failed to create WebGL context: WebGL creation failed: 
* tryNativeGL
* Exhausted GL driver options.
JavaScript warning: https://js.arcgis.com/4.11/, line 342: Failed to create WebGL context: WebGL creation failed: 
* tryNativeGL
* Exhausted GL driver options.
JavaScript warning: https://js.arcgis.com/4.11/, line 342: Failed to create WebGL context: WebGL creation failed: 
* tryNativeGL
* Exhausted GL driver options.
1606333025164	Marionette	INFO	Stopped listening on port 53826
1606333031156	mozrunner::runner	INFO	Running command: "/Applications/Firefox.app/Contents/MacOS/firefox-bin" "-marionette" "-foreground" "-no-remote" "-profile" "/var/folders/gp/fdwrkxjd7r38wyhyp43wd0nc0000gp/T/rust_mozprofile.ZZ0WrdPiUyew"
[GFX1-]: [OPENGL] Failed to init compositor with reason: FEATURE_FAILURE_OPENGL_CREATE_CONTEXT
console.error: SearchCache: "_readCacheFile: Error reading cache file:" (new Error("", "(unknown module)"))
1606333034124	Marionette	INFO	Listening on port 54611
1606333034141	Marionette	WARN	TLS certificate errors will be ignored for this session
JavaScript warning: https://js.arcgis.com/4.11/, line 342: Failed to create WebGL context: WebGL creation failed: 
* tryNativeGL
* Exhausted GL driver options.
JavaScript warning: https://js.arcgis.com/4.11/, line 342: Failed to create WebGL context: WebGL creation failed: 
* tryNativeGL
* Exhausted GL driver options.
JavaScript warning: https://js.arcgis.com/4.11/, line 342: Failed to create WebGL context: WebGL creation failed: 
* tryNativeGL
* Exhausted GL driver options.
JavaScript warning: https://js.arcgis.com/4.11/, line 342: Failed to create WebGL context: WebGL creation failed: 
* tryNativeGL
* Exhausted GL driver options.
JavaScript warning: https://js.arcgis.com/4.11/, line 342: Failed to create WebGL context: WebGL creation failed: 
* tryNativeGL
* Exhausted GL driver options.
JavaScript error: resource://devtools/server/actors/inspector/event-collector.js, line 266: NS_ERROR_ILLEGAL_VALUE: Component returned failure code: 0x80070057 (NS_ERROR_ILLEGAL_VALUE) [nsIEventListenerService.getListenerInfoFor]
console.error: "Error while calling actor 'highlighter's method 'showBoxModel'" "win is null"
console.error: "_startRefreshLoop@resource://devtools/server/actors/highlighters/auto-refresh.js:299:5\nshow@resource://devtools/server/actors/highlighters/auto-refresh.js:125:10\nshowBoxModel@resource://devtools/server/actors/highlighters.js:208:37\nhandler@resource://devtools/shared/protocol/Actor.js:162:37\nonPacket@resource://devtools/server/devtools-server-connection.js:379:58\nreceiveMessage@resource://devtools/shared/transport/child-transport.js:66:16\n"
console.error: "Error while calling actor 'highlighter's method 'showBoxModel'" "win is null"
console.error: "_startRefreshLoop@resource://devtools/server/actors/highlighters/auto-refresh.js:299:5\nshow@resource://devtools/server/actors/highlighters/auto-refresh.js:125:10\nshowBoxModel@resource://devtools/server/actors/highlighters.js:208:37\nhandler@resource://devtools/shared/protocol/Actor.js:162:37\nonPacket@resource://devtools/server/devtools-server-connection.js:379:58\nreceiveMessage@resource://devtools/shared/transport/child-transport.js:66:16\n"
console.error: (new Error("Protocol error (TypeError): win is null from: server0.conn0.child2/highlighter25 (resource://devtools/server/actors/highlighters/auto-refresh.js:299:5)", "resource://devtools/shared/protocol/Front.js", 323))
console.error: (new Error("Protocol error (TypeError): win is null from: server0.conn0.child2/highlighter25 (resource://devtools/server/actors/highlighters/auto-refresh.js:299:5)", "resource://devtools/shared/protocol/Front.js", 323))
console.error: "Error sending event: display-change"
console.error: ({})
[Exception... "Component returned failure code: 0x80070057 (NS_ERROR_ILLEGAL_VALUE) [nsIEventListenerService.getListenerInfoFor]"  nsresult: "0x80070057 (NS_ERROR_ILLEGAL_VALUE)"  location: "JS frame :: resource://devtools/server/actors/inspector/event-collector.js :: getDOMListeners :: line 266"  data: no]: getDOMListeners@resource://devtools/server/actors/inspector/event-collector.js:266:22
getListeners@resource://devtools/server/actors/inspector/event-collector.js:334:28
hasListeners@resource://devtools/server/actors/inspector/event-collector.js:227:17
hasEventListeners@resource://devtools/server/actors/inspector/event-collector.js:800:21
get _hasEventListeners@resource://devtools/server/actors/inspector/node.js:459:33
form@resource://devtools/server/actors/inspector/node.js:262:7
write@resource://devtools/shared/protocol/types.js:363:32
types.addArrayType/write/<@resource://devtools/shared/protocol/types.js:220:33
write@resource://devtools/shared/protocol/types.js:220:16
write@resource://devtools/shared/protocol/Request.js:117:22
write@resource://devtools/shared/protocol/Request.js:43:26
_sendEvent@resource://devtools/shared/protocol/Actor.js:66:24
initialize/<@resource://devtools/shared/protocol/Actor.js:46:16
_emit@resource://devtools/shared/event-emitter.js:226:34
emit@resource://devtools/shared/event-emitter.js:172:18
emit@resource://devtools/shared/event-emitter.js:324:18
_onReflows@resource://devtools/server/actors/inspector/walker.js:659:12
_emit@resource://devtools/shared/event-emitter.js:226:34
emit@resource://devtools/shared/event-emitter.js:172:18
emit@resource://devtools/shared/event-emitter.js:324:18
_startEventLoop@resource://devtools/server/actors/reflow.js:315:12
notify@resource://gre/modules/Timer.jsm:62:17

console.error: "Error while calling actor 'pagestyle's method 'getLayout'" "style is null"
console.error: "getLayout@resource://devtools/server/actors/styles.js:1050:7\nhandler@resource://devtools/shared/protocol/Actor.js:162:37\nonPacket@resource://devtools/server/devtools-server-connection.js:379:58\nreceiveMessage@resource://devtools/shared/transport/child-transport.js:66:16\n"
console.error: (new Error("Protocol error (TypeError): style is null from: server0.conn0.child2/pagestyle26 (resource://devtools/server/actors/styles.js:1050:7)", "resource://devtools/shared/protocol/Front.js", 323))
console.error: "Error while calling actor 'highlighter's method 'showBoxModel'" "win is null"
console.error: "_startRefreshLoop@resource://devtools/server/actors/highlighters/auto-refresh.js:299:5\nshow@resource://devtools/server/actors/highlighters/auto-refresh.js:125:10\nshowBoxModel@resource://devtools/server/actors/highlighters.js:208:37\nhandler@resource://devtools/shared/protocol/Actor.js:162:37\nonPacket@resource://devtools/server/devtools-server-connection.js:379:58\nreceiveMessage@resource://devtools/shared/transport/child-transport.js:66:16\n"
console.error: (new Error("Protocol error (TypeError): win is null from: server0.conn0.child2/highlighter25 (resource://devtools/server/actors/highlighters/auto-refresh.js:299:5)", "resource://devtools/shared/protocol/Front.js", 323))
console.error: "Error while calling actor 'highlighter's method 'showBoxModel'" "win is null"
console.error: "_startRefreshLoop@resource://devtools/server/actors/highlighters/auto-refresh.js:299:5\nshow@resource://devtools/server/actors/highlighters/auto-refresh.js:125:10\nshowBoxModel@resource://devtools/server/actors/highlighters.js:208:37\nhandler@resource://devtools/shared/protocol/Actor.js:162:37\nonPacket@resource://devtools/server/devtools-server-connection.js:379:58\nreceiveMessage@resource://devtools/shared/transport/child-transport.js:66:16\n"
console.error: (new Error("Protocol error (TypeError): win is null from: server0.conn0.child2/highlighter25 (resource://devtools/server/actors/highlighters/auto-refresh.js:299:5)", "resource://devtools/shared/protocol/Front.js", 323))
JavaScript warning: https://js.arcgis.com/4.11/, line 342: Failed to create WebGL context: WebGL creation failed: 
* tryNativeGL
* Exhausted GL driver options.
JavaScript warning: https://js.arcgis.com/4.11/, line 342: Failed to create WebGL context: WebGL creation failed: 
* tryNativeGL
* Exhausted GL driver options.
JavaScript warning: https://js.arcgis.com/4.11/, line 342: Failed to create WebGL context: WebGL creation failed: 
* tryNativeGL
* Exhausted GL driver options.
JavaScript warning: https://js.arcgis.com/4.11/, line 342: Failed to create WebGL context: WebGL creation failed: 
* tryNativeGL
* Exhausted GL driver options.
JavaScript warning: https://js.arcgis.com/4.11/, line 342: Failed to create WebGL context: WebGL creation failed: 
* tryNativeGL
* Exhausted GL driver options.
1606333361048	Marionette	INFO	Stopped listening on port 54611
1606333529993	mozrunner::runner	INFO	Running command: "/Applications/Firefox.app/Contents/MacOS/firefox-bin" "-marionette" "-headless" "-foreground" "-no-remote" "-profile" "/var/folders/gp/fdwrkxjd7r38wyhyp43wd0nc0000gp/T/rust_mozprofile.UjeIBl7KjIHX"
*** You are running in headless mode.
console.error: SearchCache: "_readCacheFile: Error reading cache file:" (new Error("", "(unknown module)"))
1606333533034	Marionette	INFO	Listening on port 56838
1606333533078	Marionette	WARN	TLS certificate errors will be ignored for this session
JavaScript warning: https://js.arcgis.com/4.11/, line 342: WebGL warning: <Create>: Can't use WebGL in headless mode (https://bugzil.la/1375585).
JavaScript warning: https://js.arcgis.com/4.11/, line 342: Failed to create WebGL context: WebGL creation failed: 
* Can't use WebGL in headless mode (https://bugzil.la/1375585).
JavaScript warning: https://js.arcgis.com/4.11/, line 342: WebGL warning: <Create>: Can't use WebGL in headless mode (https://bugzil.la/1375585).
JavaScript warning: https://js.arcgis.com/4.11/, line 342: Failed to create WebGL context: WebGL creation failed: 
* Can't use WebGL in headless mode (https://bugzil.la/1375585).
JavaScript warning: https://js.arcgis.com/4.11/, line 342: WebGL warning: <Create>: Can't use WebGL in headless mode (https://bugzil.la/1375585).
JavaScript warning: https://js.arcgis.com/4.11/, line 342: Failed to create WebGL context: WebGL creation failed: 
* Can't use WebGL in headless mode (https://bugzil.la/1375585).
JavaScript warning: https://js.arcgis.com/4.11/, line 342: WebGL warning: <Create>: Can't use WebGL in headless mode (https://bugzil.la/1375585).
JavaScript warning: https://js.arcgis.com/4.11/, line 342: Failed to create WebGL context: WebGL creation failed: 
* Can't use WebGL in headless mode (https://bugzil.la/1375585).
JavaScript warning: https://js.arcgis.com/4.11/, line 342: WebGL warning: <Create>: Can't use WebGL in headless mode (https://bugzil.la/1375585).
JavaScript warning: https://js.arcgis.com/4.11/, line 342: Failed to create WebGL context: WebGL creation failed: 
* Can't use WebGL in headless mode (https://bugzil.la/1375585).
1606333842960	mozrunner::runner	INFO	Running command: "/Applications/Firefox.app/Contents/MacOS/firefox-bin" "-marionette" "-headless" "-foreground" "-no-remote" "-profile" "/var/folders/gp/fdwrkxjd7r38wyhyp43wd0nc0000gp/T/rust_mozprofile.XrJWw6oQLOPz"
*** You are running in headless mode.
console.error: SearchCache: "_readCacheFile: Error reading cache file:" (new Error("", "(unknown module)"))
1606333845817	Marionette	INFO	Listening on port 58213
1606333845826	Marionette	WARN	TLS certificate errors will be ignored for this session
JavaScript warning: https://js.arcgis.com/4.11/, line 342: WebGL warning: <Create>: Can't use WebGL in headless mode (https://bugzil.la/1375585).
JavaScript warning: https://js.arcgis.com/4.11/, line 342: Failed to create WebGL context: WebGL creation failed: 
* Can't use WebGL in headless mode (https://bugzil.la/1375585).
JavaScript warning: https://js.arcgis.com/4.11/, line 342: WebGL warning: <Create>: Can't use WebGL in headless mode (https://bugzil.la/1375585).
JavaScript warning: https://js.arcgis.com/4.11/, line 342: Failed to create WebGL context: WebGL creation failed: 
* Can't use WebGL in headless mode (https://bugzil.la/1375585).
JavaScript warning: https://js.arcgis.com/4.11/, line 342: WebGL warning: <Create>: Can't use WebGL in headless mode (https://bugzil.la/1375585).
JavaScript warning: https://js.arcgis.com/4.11/, line 342: Failed to create WebGL context: WebGL creation failed: 
* Can't use WebGL in headless mode (https://bugzil.la/1375585).
JavaScript warning: https://js.arcgis.com/4.11/, line 342: WebGL warning: <Create>: Can't use WebGL in headless mode (https://bugzil.la/1375585).
JavaScript warning: https://js.arcgis.com/4.11/, line 342: Failed to create WebGL context: WebGL creation failed: 
* Can't use WebGL in headless mode (https://bugzil.la/1375585).
JavaScript warning: https://js.arcgis.com/4.11/, line 342: WebGL warning: <Create>: Can't use WebGL in headless mode (https://bugzil.la/1375585).
JavaScript warning: https://js.arcgis.com/4.11/, line 342: Failed to create WebGL context: WebGL creation failed: 
* Can't use WebGL in headless mode (https://bugzil.la/1375585).
1606333891807	mozrunner::runner	INFO	Running command: "/Applications/Firefox.app/Contents/MacOS/firefox-bin" "-marionette" "-headless" "-foreground" "-no-remote" "-profile" "/var/folders/gp/fdwrkxjd7r38wyhyp43wd0nc0000gp/T/rust_mozprofile.l6SpJPzTmeJf"
*** You are running in headless mode.
console.error: SearchCache: "_readCacheFile: Error reading cache file:" (new Error("", "(unknown module)"))
1606333894821	Marionette	INFO	Listening on port 58737
1606333894874	Marionette	WARN	TLS certificate errors will be ignored for this session
JavaScript warning: https://js.arcgis.com/4.11/, line 342: WebGL warning: <Create>: Can't use WebGL in headless mode (https://bugzil.la/1375585).
JavaScript warning: https://js.arcgis.com/4.11/, line 342: Failed to create WebGL context: WebGL creation failed: 
* Can't use WebGL in headless mode (https://bugzil.la/1375585).
JavaScript warning: https://js.arcgis.com/4.11/, line 342: WebGL warning: <Create>: Can't use WebGL in headless mode (https://bugzil.la/1375585).
JavaScript warning: https://js.arcgis.com/4.11/, line 342: Failed to create WebGL context: WebGL creation failed: 
* Can't use WebGL in headless mode (https://bugzil.la/1375585).
JavaScript warning: https://js.arcgis.com/4.11/, line 342: WebGL warning: <Create>: Can't use WebGL in headless mode (https://bugzil.la/1375585).
JavaScript warning: https://js.arcgis.com/4.11/, line 342: Failed to create WebGL context: WebGL creation failed: 
* Can't use WebGL in headless mode (https://bugzil.la/1375585).
JavaScript warning: https://js.arcgis.com/4.11/, line 342: WebGL warning: <Create>: Can't use WebGL in headless mode (https://bugzil.la/1375585).
JavaScript warning: https://js.arcgis.com/4.11/, line 342: Failed to create WebGL context: WebGL creation failed: 
* Can't use WebGL in headless mode (https://bugzil.la/1375585).
JavaScript warning: https://js.arcgis.com/4.11/, line 342: WebGL warning: <Create>: Can't use WebGL in headless mode (https://bugzil.la/1375585).
JavaScript warning: https://js.arcgis.com/4.11/, line 342: Failed to create WebGL context: WebGL creation failed: 
* Can't use WebGL in headless mode (https://bugzil.la/1375585).
1606334143731	mozrunner::runner	INFO	Running command: "/Applications/Firefox.app/Contents/MacOS/firefox-bin" "-marionette" "-headless" "-foreground" "-no-remote" "-profile" "/var/folders/gp/fdwrkxjd7r38wyhyp43wd0nc0000gp/T/rust_mozprofile.2ZBC37Mc6W5L"
*** You are running in headless mode.
console.error: SearchCache: "_readCacheFile: Error reading cache file:" (new Error("", "(unknown module)"))
1606334146706	Marionette	INFO	Listening on port 59897
1606334146823	Marionette	WARN	TLS certificate errors will be ignored for this session
JavaScript warning: https://js.arcgis.com/4.11/, line 342: WebGL warning: <Create>: Can't use WebGL in headless mode (https://bugzil.la/1375585).
JavaScript warning: https://js.arcgis.com/4.11/, line 342: Failed to create WebGL context: WebGL creation failed: 
* Can't use WebGL in headless mode (https://bugzil.la/1375585).
JavaScript warning: https://js.arcgis.com/4.11/, line 342: WebGL warning: <Create>: Can't use WebGL in headless mode (https://bugzil.la/1375585).
JavaScript warning: https://js.arcgis.com/4.11/, line 342: Failed to create WebGL context: WebGL creation failed: 
* Can't use WebGL in headless mode (https://bugzil.la/1375585).
JavaScript warning: https://js.arcgis.com/4.11/, line 342: WebGL warning: <Create>: Can't use WebGL in headless mode (https://bugzil.la/1375585).
JavaScript warning: https://js.arcgis.com/4.11/, line 342: Failed to create WebGL context: WebGL creation failed: 
* Can't use WebGL in headless mode (https://bugzil.la/1375585).
JavaScript warning: https://js.arcgis.com/4.11/, line 342: WebGL warning: <Create>: Can't use WebGL in headless mode (https://bugzil.la/1375585).
JavaScript warning: https://js.arcgis.com/4.11/, line 342: Failed to create WebGL context: WebGL creation failed: 
* Can't use WebGL in headless mode (https://bugzil.la/1375585).
JavaScript warning: https://js.arcgis.com/4.11/, line 342: WebGL warning: <Create>: Can't use WebGL in headless mode (https://bugzil.la/1375585).
JavaScript warning: https://js.arcgis.com/4.11/, line 342: Failed to create WebGL context: WebGL creation failed: 
* Can't use WebGL in headless mode (https://bugzil.la/1375585).
1606334149178	Marionette	INFO	Stopped listening on port 59897
IPDL protocol error: Handler returned error code!

###!!! [Parent][DispatchAsyncMessage] Error: PLayerTransaction::Msg_ReleaseLayer Processing error: message was deserialized, but the handler returned false (indicating failure)

1606334180788	mozrunner::runner	INFO	Running command: "/Applications/Firefox.app/Contents/MacOS/firefox-bin" "-marionette" "-headless" "-foreground" "-no-remote" "-profile" "/var/folders/gp/fdwrkxjd7r38wyhyp43wd0nc0000gp/T/rust_mozprofile.4ELNbxDVkT2W"
*** You are running in headless mode.
console.error: SearchCache: "_readCacheFile: Error reading cache file:" (new Error("", "(unknown module)"))
1606334183716	Marionette	INFO	Listening on port 60142
1606334183758	Marionette	WARN	TLS certificate errors will be ignored for this session
JavaScript warning: https://js.arcgis.com/4.11/, line 342: WebGL warning: <Create>: Can't use WebGL in headless mode (https://bugzil.la/1375585).
JavaScript warning: https://js.arcgis.com/4.11/, line 342: Failed to create WebGL context: WebGL creation failed: 
* Can't use WebGL in headless mode (https://bugzil.la/1375585).
JavaScript warning: https://js.arcgis.com/4.11/, line 342: WebGL warning: <Create>: Can't use WebGL in headless mode (https://bugzil.la/1375585).
JavaScript warning: https://js.arcgis.com/4.11/, line 342: Failed to create WebGL context: WebGL creation failed: 
* Can't use WebGL in headless mode (https://bugzil.la/1375585).
JavaScript warning: https://js.arcgis.com/4.11/, line 342: WebGL warning: <Create>: Can't use WebGL in headless mode (https://bugzil.la/1375585).
JavaScript warning: https://js.arcgis.com/4.11/, line 342: Failed to create WebGL context: WebGL creation failed: 
* Can't use WebGL in headless mode (https://bugzil.la/1375585).
JavaScript warning: https://js.arcgis.com/4.11/, line 342: WebGL warning: <Create>: Can't use WebGL in headless mode (https://bugzil.la/1375585).
JavaScript warning: https://js.arcgis.com/4.11/, line 342: Failed to create WebGL context: WebGL creation failed: 
* Can't use WebGL in headless mode (https://bugzil.la/1375585).
JavaScript warning: https://js.arcgis.com/4.11/, line 342: WebGL warning: <Create>: Can't use WebGL in headless mode (https://bugzil.la/1375585).
JavaScript warning: https://js.arcgis.com/4.11/, line 342: Failed to create WebGL context: WebGL creation failed: 
* Can't use WebGL in headless mode (https://bugzil.la/1375585).
1606334186033	Marionette	INFO	Stopped listening on port 60142
1606334261989	mozrunner::runner	INFO	Running command: "/Applications/Firefox.app/Contents/MacOS/firefox-bin" "-marionette" "-headless" "-foreground" "-no-remote" "-profile" "/var/folders/gp/fdwrkxjd7r38wyhyp43wd0nc0000gp/T/rust_mozprofile.i2aGHpjm5Ei4"
*** You are running in headless mode.
console.error: SearchCache: "_readCacheFile: Error reading cache file:" (new Error("", "(unknown module)"))
1606334264850	Marionette	INFO	Listening on port 60568
1606334264861	Marionette	WARN	TLS certificate errors will be ignored for this session
JavaScript warning: https://js.arcgis.com/4.11/, line 342: WebGL warning: <Create>: Can't use WebGL in headless mode (https://bugzil.la/1375585).
JavaScript warning: https://js.arcgis.com/4.11/, line 342: Failed to create WebGL context: WebGL creation failed: 
* Can't use WebGL in headless mode (https://bugzil.la/1375585).
JavaScript warning: https://js.arcgis.com/4.11/, line 342: WebGL warning: <Create>: Can't use WebGL in headless mode (https://bugzil.la/1375585).
JavaScript warning: https://js.arcgis.com/4.11/, line 342: Failed to create WebGL context: WebGL creation failed: 
* Can't use WebGL in headless mode (https://bugzil.la/1375585).
JavaScript warning: https://js.arcgis.com/4.11/, line 342: WebGL warning: <Create>: Can't use WebGL in headless mode (https://bugzil.la/1375585).
JavaScript warning: https://js.arcgis.com/4.11/, line 342: Failed to create WebGL context: WebGL creation failed: 
* Can't use WebGL in headless mode (https://bugzil.la/1375585).
JavaScript warning: https://js.arcgis.com/4.11/, line 342: WebGL warning: <Create>: Can't use WebGL in headless mode (https://bugzil.la/1375585).
JavaScript warning: https://js.arcgis.com/4.11/, line 342: Failed to create WebGL context: WebGL creation failed: 
* Can't use WebGL in headless mode (https://bugzil.la/1375585).
JavaScript warning: https://js.arcgis.com/4.11/, line 342: WebGL warning: <Create>: Can't use WebGL in headless mode (https://bugzil.la/1375585).
JavaScript warning: https://js.arcgis.com/4.11/, line 342: Failed to create WebGL context: WebGL creation failed: 
* Can't use WebGL in headless mode (https://bugzil.la/1375585).
1606334267147	Marionette	INFO	Stopped listening on port 60568
IPDL protocol error: Handler returned error code!

###!!! [Parent][DispatchAsyncMessage] Error: PLayerTransaction::Msg_ReleaseLayer Processing error: message was deserialized, but the handler returned false (indicating failure)

1606334397729	mozrunner::runner	INFO	Running command: "/Applications/Firefox.app/Contents/MacOS/firefox-bin" "-marionette" "-headless" "-foreground" "-no-remote" "-profile" "/var/folders/gp/fdwrkxjd7r38wyhyp43wd0nc0000gp/T/rust_mozprofile.apVolodaVQsz"
*** You are running in headless mode.
console.error: SearchCache: "_readCacheFile: Error reading cache file:" (new Error("", "(unknown module)"))
1606334400682	Marionette	INFO	Listening on port 61220
1606334400712	Marionette	WARN	TLS certificate errors will be ignored for this session
JavaScript warning: https://js.arcgis.com/4.11/, line 342: WebGL warning: <Create>: Can't use WebGL in headless mode (https://bugzil.la/1375585).
JavaScript warning: https://js.arcgis.com/4.11/, line 342: Failed to create WebGL context: WebGL creation failed: 
* Can't use WebGL in headless mode (https://bugzil.la/1375585).
JavaScript warning: https://js.arcgis.com/4.11/, line 342: WebGL warning: <Create>: Can't use WebGL in headless mode (https://bugzil.la/1375585).
JavaScript warning: https://js.arcgis.com/4.11/, line 342: Failed to create WebGL context: WebGL creation failed: 
* Can't use WebGL in headless mode (https://bugzil.la/1375585).
JavaScript warning: https://js.arcgis.com/4.11/, line 342: WebGL warning: <Create>: Can't use WebGL in headless mode (https://bugzil.la/1375585).
JavaScript warning: https://js.arcgis.com/4.11/, line 342: Failed to create WebGL context: WebGL creation failed: 
* Can't use WebGL in headless mode (https://bugzil.la/1375585).
JavaScript warning: https://js.arcgis.com/4.11/, line 342: WebGL warning: <Create>: Can't use WebGL in headless mode (https://bugzil.la/1375585).
JavaScript warning: https://js.arcgis.com/4.11/, line 342: Failed to create WebGL context: WebGL creation failed: 
* Can't use WebGL in headless mode (https://bugzil.la/1375585).
JavaScript warning: https://js.arcgis.com/4.11/, line 342: WebGL warning: <Create>: Can't use WebGL in headless mode (https://bugzil.la/1375585).
JavaScript warning: https://js.arcgis.com/4.11/, line 342: Failed to create WebGL context: WebGL creation failed: 
* Can't use WebGL in headless mode (https://bugzil.la/1375585).
1606334406125	Marionette	INFO	Stopped listening on port 61220
1606334477782	mozrunner::runner	INFO	Running command: "/Applications/Firefox.app/Contents/MacOS/firefox-bin" "-marionette" "-headless" "-foreground" "-no-remote" "-profile" "/var/folders/gp/fdwrkxjd7r38wyhyp43wd0nc0000gp/T/rust_mozprofile.V9SfY7qOCKRw"
*** You are running in headless mode.
console.error: SearchCache: "_readCacheFile: Error reading cache file:" (new Error("", "(unknown module)"))
1606334480638	Marionette	INFO	Listening on port 61643
1606334480656	Marionette	WARN	TLS certificate errors will be ignored for this session
JavaScript warning: https://js.arcgis.com/4.11/, line 342: WebGL warning: <Create>: Can't use WebGL in headless mode (https://bugzil.la/1375585).
JavaScript warning: https://js.arcgis.com/4.11/, line 342: Failed to create WebGL context: WebGL creation failed: 
* Can't use WebGL in headless mode (https://bugzil.la/1375585).
JavaScript warning: https://js.arcgis.com/4.11/, line 342: WebGL warning: <Create>: Can't use WebGL in headless mode (https://bugzil.la/1375585).
JavaScript warning: https://js.arcgis.com/4.11/, line 342: Failed to create WebGL context: WebGL creation failed: 
* Can't use WebGL in headless mode (https://bugzil.la/1375585).
JavaScript warning: https://js.arcgis.com/4.11/, line 342: WebGL warning: <Create>: Can't use WebGL in headless mode (https://bugzil.la/1375585).
JavaScript warning: https://js.arcgis.com/4.11/, line 342: Failed to create WebGL context: WebGL creation failed: 
* Can't use WebGL in headless mode (https://bugzil.la/1375585).
JavaScript warning: https://js.arcgis.com/4.11/, line 342: WebGL warning: <Create>: Can't use WebGL in headless mode (https://bugzil.la/1375585).
JavaScript warning: https://js.arcgis.com/4.11/, line 342: Failed to create WebGL context: WebGL creation failed: 
* Can't use WebGL in headless mode (https://bugzil.la/1375585).
JavaScript warning: https://js.arcgis.com/4.11/, line 342: WebGL warning: <Create>: Can't use WebGL in headless mode (https://bugzil.la/1375585).
JavaScript warning: https://js.arcgis.com/4.11/, line 342: Failed to create WebGL context: WebGL creation failed: 
* Can't use WebGL in headless mode (https://bugzil.la/1375585).
1606334483458	Marionette	INFO	Stopped listening on port 61643
1606334624620	mozrunner::runner	INFO	Running command: "/Applications/Firefox.app/Contents/MacOS/firefox-bin" "-marionette" "-headless" "-foreground" "-no-remote" "-profile" "/var/folders/gp/fdwrkxjd7r38wyhyp43wd0nc0000gp/T/rust_mozprofile.YFAKKC7z2Eqg"
*** You are running in headless mode.
console.error: SearchCache: "_readCacheFile: Error reading cache file:" (new Error("", "(unknown module)"))
1606334627503	Marionette	INFO	Listening on port 62180
1606334627586	Marionette	WARN	TLS certificate errors will be ignored for this session
JavaScript warning: https://js.arcgis.com/4.11/, line 342: WebGL warning: <Create>: Can't use WebGL in headless mode (https://bugzil.la/1375585).
JavaScript warning: https://js.arcgis.com/4.11/, line 342: Failed to create WebGL context: WebGL creation failed: 
* Can't use WebGL in headless mode (https://bugzil.la/1375585).
JavaScript warning: https://js.arcgis.com/4.11/, line 342: WebGL warning: <Create>: Can't use WebGL in headless mode (https://bugzil.la/1375585).
JavaScript warning: https://js.arcgis.com/4.11/, line 342: Failed to create WebGL context: WebGL creation failed: 
* Can't use WebGL in headless mode (https://bugzil.la/1375585).
JavaScript warning: https://js.arcgis.com/4.11/, line 342: WebGL warning: <Create>: Can't use WebGL in headless mode (https://bugzil.la/1375585).
JavaScript warning: https://js.arcgis.com/4.11/, line 342: Failed to create WebGL context: WebGL creation failed: 
* Can't use WebGL in headless mode (https://bugzil.la/1375585).
JavaScript warning: https://js.arcgis.com/4.11/, line 342: WebGL warning: <Create>: Can't use WebGL in headless mode (https://bugzil.la/1375585).
JavaScript warning: https://js.arcgis.com/4.11/, line 342: Failed to create WebGL context: WebGL creation failed: 
* Can't use WebGL in headless mode (https://bugzil.la/1375585).
JavaScript warning: https://js.arcgis.com/4.11/, line 342: WebGL warning: <Create>: Can't use WebGL in headless mode (https://bugzil.la/1375585).
JavaScript warning: https://js.arcgis.com/4.11/, line 342: Failed to create WebGL context: WebGL creation failed: 
* Can't use WebGL in headless mode (https://bugzil.la/1375585).
1606334630501	Marionette	INFO	Stopped listening on port 62180
1606334751903	mozrunner::runner	INFO	Running command: "/Applications/Firefox.app/Contents/MacOS/firefox-bin" "-marionette" "-headless" "-foreground" "-no-remote" "-profile" "/var/folders/gp/fdwrkxjd7r38wyhyp43wd0nc0000gp/T/rust_mozprofile.IwSiEkv6fLiY"
*** You are running in headless mode.
console.error: SearchCache: "_readCacheFile: Error reading cache file:" (new Error("", "(unknown module)"))
1606334754902	Marionette	INFO	Listening on port 62289
1606334754965	Marionette	WARN	TLS certificate errors will be ignored for this session
JavaScript warning: https://js.arcgis.com/4.11/, line 342: WebGL warning: <Create>: Can't use WebGL in headless mode (https://bugzil.la/1375585).
JavaScript warning: https://js.arcgis.com/4.11/, line 342: Failed to create WebGL context: WebGL creation failed: 
* Can't use WebGL in headless mode (https://bugzil.la/1375585).
JavaScript warning: https://js.arcgis.com/4.11/, line 342: WebGL warning: <Create>: Can't use WebGL in headless mode (https://bugzil.la/1375585).
JavaScript warning: https://js.arcgis.com/4.11/, line 342: Failed to create WebGL context: WebGL creation failed: 
* Can't use WebGL in headless mode (https://bugzil.la/1375585).
JavaScript warning: https://js.arcgis.com/4.11/, line 342: WebGL warning: <Create>: Can't use WebGL in headless mode (https://bugzil.la/1375585).
JavaScript warning: https://js.arcgis.com/4.11/, line 342: Failed to create WebGL context: WebGL creation failed: 
* Can't use WebGL in headless mode (https://bugzil.la/1375585).
JavaScript warning: https://js.arcgis.com/4.11/, line 342: WebGL warning: <Create>: Can't use WebGL in headless mode (https://bugzil.la/1375585).
JavaScript warning: https://js.arcgis.com/4.11/, line 342: Failed to create WebGL context: WebGL creation failed: 
* Can't use WebGL in headless mode (https://bugzil.la/1375585).
JavaScript warning: https://js.arcgis.com/4.11/, line 342: WebGL warning: <Create>: Can't use WebGL in headless mode (https://bugzil.la/1375585).
JavaScript warning: https://js.arcgis.com/4.11/, line 342: Failed to create WebGL context: WebGL creation failed: 
* Can't use WebGL in headless mode (https://bugzil.la/1375585).
1606334757849	Marionette	INFO	Stopped listening on port 62289
1606334793507	mozrunner::runner	INFO	Running command: "/Applications/Firefox.app/Contents/MacOS/firefox-bin" "-marionette" "-headless" "-foreground" "-no-remote" "-profile" "/var/folders/gp/fdwrkxjd7r38wyhyp43wd0nc0000gp/T/rust_mozprofile.nO2Y0CSWmImZ"
*** You are running in headless mode.
console.error: SearchCache: "_readCacheFile: Error reading cache file:" (new Error("", "(unknown module)"))
1606334796435	Marionette	INFO	Listening on port 62383
1606334796484	Marionette	WARN	TLS certificate errors will be ignored for this session
JavaScript warning: https://js.arcgis.com/4.11/, line 342: WebGL warning: <Create>: Can't use WebGL in headless mode (https://bugzil.la/1375585).
JavaScript warning: https://js.arcgis.com/4.11/, line 342: Failed to create WebGL context: WebGL creation failed: 
* Can't use WebGL in headless mode (https://bugzil.la/1375585).
JavaScript warning: https://js.arcgis.com/4.11/, line 342: WebGL warning: <Create>: Can't use WebGL in headless mode (https://bugzil.la/1375585).
JavaScript warning: https://js.arcgis.com/4.11/, line 342: Failed to create WebGL context: WebGL creation failed: 
* Can't use WebGL in headless mode (https://bugzil.la/1375585).
JavaScript warning: https://js.arcgis.com/4.11/, line 342: WebGL warning: <Create>: Can't use WebGL in headless mode (https://bugzil.la/1375585).
JavaScript warning: https://js.arcgis.com/4.11/, line 342: Failed to create WebGL context: WebGL creation failed: 
* Can't use WebGL in headless mode (https://bugzil.la/1375585).
JavaScript warning: https://js.arcgis.com/4.11/, line 342: WebGL warning: <Create>: Can't use WebGL in headless mode (https://bugzil.la/1375585).
JavaScript warning: https://js.arcgis.com/4.11/, line 342: Failed to create WebGL context: WebGL creation failed: 
* Can't use WebGL in headless mode (https://bugzil.la/1375585).
JavaScript warning: https://js.arcgis.com/4.11/, line 342: WebGL warning: <Create>: Can't use WebGL in headless mode (https://bugzil.la/1375585).
JavaScript warning: https://js.arcgis.com/4.11/, line 342: Failed to create WebGL context: WebGL creation failed: 
* Can't use WebGL in headless mode (https://bugzil.la/1375585).
1606334799845	Marionette	INFO	Stopped listening on port 62383
